<?xml version="1.0" encoding="UTF-8"?>
<!-- Generated by org.testng.reporters.JUnitReportReporter -->
<testsuite hostname="LAPTOP-08JOA6UU" name="org.test.QATestClass" tests="4" failures="0" timestamp="12 Jul 2022 11:07:47 GMT" time="68.877" errors="0">
  <testcase name="testGmail" time="26.003" classname="org.test.QATestClass"/>
  <testcase name="testGmail" time="12.244" classname="org.test.QATestClass"/>
  <testcase name="testeBay" time="8.449" classname="org.test.QATestClass"/>
  <testcase name="testGmail" time="22.181" classname="org.test.QATestClass"/>
</testsuite> <!-- org.test.QATestClass -->
